{"D:\\Hactiv8\\rmt-58\\Phase 02 (Repeat)\\Week 03\\I Project\\IP-RMT59\\server\\app.js": {"path":"D:\\Hactiv8\\rmt-58\\Phase 02 (Repeat)\\Week 03\\I Project\\IP-RMT59\\server\\app.js","statementMap":{"0":{"start":{"line":1,"column":0},"end":{"line":3,"column":1}},"1":{"start":{"line":2,"column":2},"end":{"line":2,"column":29}},"2":{"start":{"line":5,"column":16},"end":{"line":5,"column":34}},"3":{"start":{"line":6,"column":13},"end":{"line":6,"column":28}},"4":{"start":{"line":7,"column":15},"end":{"line":7,"column":32}},"5":{"start":{"line":8,"column":24},"end":{"line":8,"column":64}},"6":{"start":{"line":9,"column":20},"end":{"line":9,"column":56}},"7":{"start":{"line":10,"column":21},"end":{"line":10,"column":58}},"8":{"start":{"line":11,"column":23},"end":{"line":11,"column":62}},"9":{"start":{"line":12,"column":20},"end":{"line":12,"column":58}},"10":{"start":{"line":14,"column":12},"end":{"line":14,"column":21}},"11":{"start":{"line":15,"column":13},"end":{"line":15,"column":37}},"12":{"start":{"line":17,"column":0},"end":{"line":17,"column":48}},"13":{"start":{"line":18,"column":0},"end":{"line":18,"column":24}},"14":{"start":{"line":19,"column":0},"end":{"line":19,"column":16}},"15":{"start":{"line":21,"column":16},"end":{"line":21,"column":38}},"16":{"start":{"line":22,"column":15},"end":{"line":22,"column":43}},"17":{"start":{"line":24,"column":0},"end":{"line":26,"column":3}},"18":{"start":{"line":25,"column":2},"end":{"line":25,"column":28}},"19":{"start":{"line":28,"column":0},"end":{"line":28,"column":48}},"20":{"start":{"line":29,"column":0},"end":{"line":29,"column":42}},"21":{"start":{"line":30,"column":0},"end":{"line":30,"column":54}},"22":{"start":{"line":32,"column":0},"end":{"line":32,"column":24}},"23":{"start":{"line":33,"column":0},"end":{"line":33,"column":40}},"24":{"start":{"line":34,"column":0},"end":{"line":34,"column":47}},"25":{"start":{"line":35,"column":0},"end":{"line":35,"column":40}},"26":{"start":{"line":36,"column":0},"end":{"line":36,"column":51}},"27":{"start":{"line":37,"column":0},"end":{"line":37,"column":52}},"28":{"start":{"line":38,"column":0},"end":{"line":38,"column":53}},"29":{"start":{"line":39,"column":0},"end":{"line":39,"column":55}},"30":{"start":{"line":41,"column":0},"end":{"line":46,"column":2}},"31":{"start":{"line":48,"column":0},"end":{"line":48,"column":22}},"32":{"start":{"line":54,"column":0},"end":{"line":54,"column":21}}},"fnMap":{"0":{"name":"(anonymous_0)","decl":{"start":{"line":24,"column":13},"end":{"line":24,"column":14}},"loc":{"start":{"line":24,"column":27},"end":{"line":26,"column":1}},"line":24}},"branchMap":{"0":{"loc":{"start":{"line":1,"column":0},"end":{"line":3,"column":1}},"type":"if","locations":[{"start":{"line":1,"column":0},"end":{"line":3,"column":1}},{"start":{},"end":{}}],"line":1},"1":{"loc":{"start":{"line":15,"column":13},"end":{"line":15,"column":37}},"type":"binary-expr","locations":[{"start":{"line":15,"column":13},"end":{"line":15,"column":29}},{"start":{"line":15,"column":33},"end":{"line":15,"column":37}}],"line":15}},"s":{"0":2,"1":2,"2":2,"3":2,"4":2,"5":2,"6":2,"7":2,"8":2,"9":2,"10":2,"11":2,"12":2,"13":2,"14":2,"15":2,"16":2,"17":2,"18":0,"19":2,"20":2,"21":2,"22":2,"23":2,"24":2,"25":2,"26":2,"27":2,"28":2,"29":2,"30":2,"31":2,"32":2},"f":{"0":0},"b":{"0":[2,0],"1":[2,2]},"_coverageSchema":"1a1c01bbd47fc00a2c39e90264f33305004495a9","hash":"9a6ee930f0a87b9ca0195de94b59db47936a7e40"}
,"D:\\Hactiv8\\rmt-58\\Phase 02 (Repeat)\\Week 03\\I Project\\IP-RMT59\\server\\controllers\\controllers.js": {"path":"D:\\Hactiv8\\rmt-58\\Phase 02 (Repeat)\\Week 03\\I Project\\IP-RMT59\\server\\controllers\\controllers.js","statementMap":{"0":{"start":{"line":1,"column":25},"end":{"line":1,"column":45}},"1":{"start":{"line":2,"column":31},"end":{"line":2,"column":63}},"2":{"start":{"line":3,"column":19},"end":{"line":3,"column":43}},"3":{"start":{"line":5,"column":0},"end":{"line":9,"column":3}},"4":{"start":{"line":13,"column":4},"end":{"line":45,"column":5}},"5":{"start":{"line":14,"column":21},"end":{"line":14,"column":31}},"6":{"start":{"line":15,"column":20},"end":{"line":15,"column":43}},"7":{"start":{"line":16,"column":6},"end":{"line":18,"column":7}},"8":{"start":{"line":17,"column":8},"end":{"line":17,"column":62}},"9":{"start":{"line":19,"column":6},"end":{"line":21,"column":7}},"10":{"start":{"line":20,"column":8},"end":{"line":20,"column":78}},"11":{"start":{"line":22,"column":6},"end":{"line":22,"column":28}},"12":{"start":{"line":23,"column":24},"end":{"line":23,"column":41}},"13":{"start":{"line":24,"column":25},"end":{"line":24,"column":59}},"14":{"start":{"line":25,"column":21},"end":{"line":25,"column":61}},"15":{"start":{"line":27,"column":21},"end":{"line":30,"column":8}},"16":{"start":{"line":32,"column":6},"end":{"line":37,"column":8}},"17":{"start":{"line":39,"column":6},"end":{"line":42,"column":9}},"18":{"start":{"line":44,"column":6},"end":{"line":44,"column":16}},"19":{"start":{"line":49,"column":4},"end":{"line":80,"column":5}},"20":{"start":{"line":50,"column":20},"end":{"line":53,"column":8}},"21":{"start":{"line":55,"column":23},"end":{"line":61,"column":19}},"22":{"start":{"line":57,"column":10},"end":{"line":59,"column":13}},"23":{"start":{"line":64,"column":20},"end":{"line":64,"column":70}},"24":{"start":{"line":65,"column":20},"end":{"line":65,"column":75}},"25":{"start":{"line":67,"column":21},"end":{"line":70,"column":69}},"26":{"start":{"line":72,"column":21},"end":{"line":72,"column":56}},"27":{"start":{"line":73,"column":23},"end":{"line":73,"column":45}},"28":{"start":{"line":75,"column":6},"end":{"line":75,"column":39}},"29":{"start":{"line":77,"column":6},"end":{"line":77,"column":49}},"30":{"start":{"line":79,"column":6},"end":{"line":79,"column":16}},"31":{"start":{"line":84,"column":4},"end":{"line":104,"column":5}},"32":{"start":{"line":85,"column":21},"end":{"line":85,"column":32}},"33":{"start":{"line":86,"column":20},"end":{"line":86,"column":40}},"34":{"start":{"line":87,"column":30},"end":{"line":99,"column":7}},"35":{"start":{"line":89,"column":29},"end":{"line":93,"column":12}},"36":{"start":{"line":94,"column":10},"end":{"line":97,"column":12}},"37":{"start":{"line":101,"column":6},"end":{"line":101,"column":44}},"38":{"start":{"line":103,"column":6},"end":{"line":103,"column":16}},"39":{"start":{"line":108,"column":4},"end":{"line":117,"column":5}},"40":{"start":{"line":109,"column":21},"end":{"line":109,"column":31}},"41":{"start":{"line":110,"column":19},"end":{"line":110,"column":42}},"42":{"start":{"line":111,"column":6},"end":{"line":113,"column":7}},"43":{"start":{"line":112,"column":8},"end":{"line":112,"column":62}},"44":{"start":{"line":114,"column":6},"end":{"line":114,"column":33}},"45":{"start":{"line":116,"column":6},"end":{"line":116,"column":16}},"46":{"start":{"line":121,"column":4},"end":{"line":145,"column":5}},"47":{"start":{"line":122,"column":21},"end":{"line":122,"column":31}},"48":{"start":{"line":123,"column":21},"end":{"line":123,"column":32}},"49":{"start":{"line":124,"column":19},"end":{"line":124,"column":42}},"50":{"start":{"line":125,"column":6},"end":{"line":127,"column":7}},"51":{"start":{"line":126,"column":8},"end":{"line":126,"column":62}},"52":{"start":{"line":129,"column":23},"end":{"line":133,"column":8}},"53":{"start":{"line":134,"column":6},"end":{"line":134,"column":43}},"54":{"start":{"line":135,"column":6},"end":{"line":137,"column":7}},"55":{"start":{"line":136,"column":8},"end":{"line":136,"column":78}},"56":{"start":{"line":138,"column":21},"end":{"line":141,"column":8}},"57":{"start":{"line":142,"column":6},"end":{"line":142,"column":35}},"58":{"start":{"line":144,"column":6},"end":{"line":144,"column":16}},"59":{"start":{"line":149,"column":4},"end":{"line":168,"column":5}},"60":{"start":{"line":150,"column":21},"end":{"line":150,"column":32}},"61":{"start":{"line":152,"column":21},"end":{"line":160,"column":8}},"62":{"start":{"line":162,"column":6},"end":{"line":164,"column":7}},"63":{"start":{"line":163,"column":8},"end":{"line":163,"column":61}},"64":{"start":{"line":165,"column":6},"end":{"line":165,"column":35}},"65":{"start":{"line":167,"column":6},"end":{"line":167,"column":16}},"66":{"start":{"line":172,"column":4},"end":{"line":193,"column":5}},"67":{"start":{"line":173,"column":21},"end":{"line":173,"column":31}},"68":{"start":{"line":174,"column":21},"end":{"line":174,"column":32}},"69":{"start":{"line":176,"column":21},"end":{"line":181,"column":8}},"70":{"start":{"line":183,"column":6},"end":{"line":185,"column":7}},"71":{"start":{"line":184,"column":8},"end":{"line":184,"column":68}},"72":{"start":{"line":187,"column":6},"end":{"line":187,"column":34}},"73":{"start":{"line":188,"column":6},"end":{"line":188,"column":26}},"74":{"start":{"line":190,"column":6},"end":{"line":190,"column":79}},"75":{"start":{"line":192,"column":6},"end":{"line":192,"column":16}},"76":{"start":{"line":197,"column":4},"end":{"line":217,"column":5}},"77":{"start":{"line":198,"column":21},"end":{"line":198,"column":31}},"78":{"start":{"line":199,"column":21},"end":{"line":199,"column":32}},"79":{"start":{"line":201,"column":21},"end":{"line":206,"column":8}},"80":{"start":{"line":208,"column":6},"end":{"line":210,"column":7}},"81":{"start":{"line":209,"column":8},"end":{"line":209,"column":68}},"82":{"start":{"line":212,"column":6},"end":{"line":212,"column":29}},"83":{"start":{"line":214,"column":6},"end":{"line":214,"column":69}},"84":{"start":{"line":216,"column":6},"end":{"line":216,"column":16}},"85":{"start":{"line":221,"column":0},"end":{"line":221,"column":29}}},"fnMap":{"0":{"name":"(anonymous_0)","decl":{"start":{"line":12,"column":2},"end":{"line":12,"column":3}},"loc":{"start":{"line":12,"column":47},"end":{"line":46,"column":3}},"line":12},"1":{"name":"(anonymous_1)","decl":{"start":{"line":48,"column":2},"end":{"line":48,"column":3}},"loc":{"start":{"line":48,"column":49},"end":{"line":81,"column":3}},"line":48},"2":{"name":"(anonymous_2)","decl":{"start":{"line":56,"column":13},"end":{"line":56,"column":14}},"loc":{"start":{"line":56,"column":30},"end":{"line":60,"column":9}},"line":56},"3":{"name":"(anonymous_3)","decl":{"start":{"line":83,"column":2},"end":{"line":83,"column":3}},"loc":{"start":{"line":83,"column":40},"end":{"line":105,"column":3}},"line":83},"4":{"name":"(anonymous_4)","decl":{"start":{"line":88,"column":18},"end":{"line":88,"column":19}},"loc":{"start":{"line":88,"column":34},"end":{"line":98,"column":9}},"line":88},"5":{"name":"(anonymous_5)","decl":{"start":{"line":107,"column":2},"end":{"line":107,"column":3}},"loc":{"start":{"line":107,"column":43},"end":{"line":118,"column":3}},"line":107},"6":{"name":"(anonymous_6)","decl":{"start":{"line":120,"column":2},"end":{"line":120,"column":3}},"loc":{"start":{"line":120,"column":44},"end":{"line":146,"column":3}},"line":120},"7":{"name":"(anonymous_7)","decl":{"start":{"line":148,"column":2},"end":{"line":148,"column":3}},"loc":{"start":{"line":148,"column":38},"end":{"line":169,"column":3}},"line":148},"8":{"name":"(anonymous_8)","decl":{"start":{"line":171,"column":2},"end":{"line":171,"column":3}},"loc":{"start":{"line":171,"column":44},"end":{"line":194,"column":3}},"line":171},"9":{"name":"(anonymous_9)","decl":{"start":{"line":196,"column":2},"end":{"line":196,"column":3}},"loc":{"start":{"line":196,"column":44},"end":{"line":218,"column":3}},"line":196}},"branchMap":{"0":{"loc":{"start":{"line":16,"column":6},"end":{"line":18,"column":7}},"type":"if","locations":[{"start":{"line":16,"column":6},"end":{"line":18,"column":7}},{"start":{},"end":{}}],"line":16},"1":{"loc":{"start":{"line":19,"column":6},"end":{"line":21,"column":7}},"type":"if","locations":[{"start":{"line":19,"column":6},"end":{"line":21,"column":7}},{"start":{},"end":{}}],"line":19},"2":{"loc":{"start":{"line":96,"column":20},"end":{"line":96,"column":57}},"type":"cond-expr","locations":[{"start":{"line":96,"column":33},"end":{"line":96,"column":43}},{"start":{"line":96,"column":46},"end":{"line":96,"column":57}}],"line":96},"3":{"loc":{"start":{"line":111,"column":6},"end":{"line":113,"column":7}},"type":"if","locations":[{"start":{"line":111,"column":6},"end":{"line":113,"column":7}},{"start":{},"end":{}}],"line":111},"4":{"loc":{"start":{"line":125,"column":6},"end":{"line":127,"column":7}},"type":"if","locations":[{"start":{"line":125,"column":6},"end":{"line":127,"column":7}},{"start":{},"end":{}}],"line":125},"5":{"loc":{"start":{"line":135,"column":6},"end":{"line":137,"column":7}},"type":"if","locations":[{"start":{"line":135,"column":6},"end":{"line":137,"column":7}},{"start":{},"end":{}}],"line":135},"6":{"loc":{"start":{"line":135,"column":10},"end":{"line":135,"column":48}},"type":"binary-expr","locations":[{"start":{"line":135,"column":10},"end":{"line":135,"column":18}},{"start":{"line":135,"column":22},"end":{"line":135,"column":48}}],"line":135},"7":{"loc":{"start":{"line":162,"column":6},"end":{"line":164,"column":7}},"type":"if","locations":[{"start":{"line":162,"column":6},"end":{"line":164,"column":7}},{"start":{},"end":{}}],"line":162},"8":{"loc":{"start":{"line":183,"column":6},"end":{"line":185,"column":7}},"type":"if","locations":[{"start":{"line":183,"column":6},"end":{"line":185,"column":7}},{"start":{},"end":{}}],"line":183},"9":{"loc":{"start":{"line":208,"column":6},"end":{"line":210,"column":7}},"type":"if","locations":[{"start":{"line":208,"column":6},"end":{"line":210,"column":7}},{"start":{},"end":{}}],"line":208}},"s":{"0":2,"1":2,"2":2,"3":2,"4":0,"5":0,"6":0,"7":0,"8":0,"9":0,"10":0,"11":0,"12":0,"13":0,"14":0,"15":0,"16":0,"17":0,"18":0,"19":0,"20":0,"21":0,"22":0,"23":0,"24":0,"25":0,"26":0,"27":0,"28":0,"29":0,"30":0,"31":2,"32":2,"33":2,"34":1,"35":2,"36":2,"37":1,"38":1,"39":3,"40":3,"41":3,"42":2,"43":1,"44":1,"45":2,"46":3,"47":3,"48":3,"49":3,"50":3,"51":1,"52":2,"53":2,"54":2,"55":1,"56":1,"57":1,"58":2,"59":2,"60":2,"61":2,"62":2,"63":1,"64":1,"65":1,"66":2,"67":2,"68":2,"69":2,"70":2,"71":1,"72":1,"73":1,"74":1,"75":1,"76":2,"77":2,"78":2,"79":2,"80":2,"81":1,"82":1,"83":1,"84":1,"85":2},"f":{"0":0,"1":0,"2":0,"3":2,"4":2,"5":3,"6":3,"7":2,"8":2,"9":2},"b":{"0":[0,0],"1":[0,0],"2":[1,1],"3":[1,1],"4":[1,2],"5":[1,1],"6":[2,1],"7":[1,1],"8":[1,1],"9":[1,1]},"_coverageSchema":"1a1c01bbd47fc00a2c39e90264f33305004495a9","hash":"eaf63f2dbcfb4bd0bac232a8276c5958fa8617f3"}
,"D:\\Hactiv8\\rmt-58\\Phase 02 (Repeat)\\Week 03\\I Project\\IP-RMT59\\server\\controllers\\userControllers.js": {"path":"D:\\Hactiv8\\rmt-58\\Phase 02 (Repeat)\\Week 03\\I Project\\IP-RMT59\\server\\controllers\\userControllers.js","statementMap":{"0":{"start":{"line":1,"column":28},"end":{"line":1,"column":56}},"1":{"start":{"line":2,"column":22},"end":{"line":2,"column":47}},"2":{"start":{"line":3,"column":17},"end":{"line":3,"column":37}},"3":{"start":{"line":4,"column":25},"end":{"line":4,"column":55}},"4":{"start":{"line":5,"column":15},"end":{"line":5,"column":33}},"5":{"start":{"line":9,"column":4},"end":{"line":18,"column":5}},"6":{"start":{"line":10,"column":19},"end":{"line":10,"column":46}},"7":{"start":{"line":11,"column":6},"end":{"line":15,"column":9}},"8":{"start":{"line":17,"column":6},"end":{"line":17,"column":16}},"9":{"start":{"line":22,"column":4},"end":{"line":43,"column":5}},"10":{"start":{"line":23,"column":34},"end":{"line":23,"column":42}},"11":{"start":{"line":24,"column":6},"end":{"line":26,"column":7}},"12":{"start":{"line":25,"column":8},"end":{"line":25,"column":67}},"13":{"start":{"line":27,"column":6},"end":{"line":29,"column":7}},"14":{"start":{"line":28,"column":8},"end":{"line":28,"column":70}},"15":{"start":{"line":30,"column":19},"end":{"line":30,"column":66}},"16":{"start":{"line":31,"column":6},"end":{"line":33,"column":7}},"17":{"start":{"line":32,"column":8},"end":{"line":32,"column":77}},"18":{"start":{"line":35,"column":30},"end":{"line":35,"column":70}},"19":{"start":{"line":36,"column":6},"end":{"line":38,"column":7}},"20":{"start":{"line":37,"column":8},"end":{"line":37,"column":77}},"21":{"start":{"line":39,"column":27},"end":{"line":39,"column":53}},"22":{"start":{"line":40,"column":6},"end":{"line":40,"column":62}},"23":{"start":{"line":42,"column":6},"end":{"line":42,"column":16}},"24":{"start":{"line":47,"column":4},"end":{"line":72,"column":5}},"25":{"start":{"line":48,"column":21},"end":{"line":51,"column":8}},"26":{"start":{"line":52,"column":22},"end":{"line":52,"column":41}},"27":{"start":{"line":54,"column":17},"end":{"line":54,"column":72}},"28":{"start":{"line":55,"column":6},"end":{"line":66,"column":7}},"29":{"start":{"line":56,"column":8},"end":{"line":65,"column":10}},"30":{"start":{"line":68,"column":27},"end":{"line":68,"column":53}},"31":{"start":{"line":69,"column":6},"end":{"line":69,"column":62}},"32":{"start":{"line":71,"column":6},"end":{"line":71,"column":16}},"33":{"start":{"line":76,"column":0},"end":{"line":76,"column":33}}},"fnMap":{"0":{"name":"(anonymous_0)","decl":{"start":{"line":8,"column":2},"end":{"line":8,"column":3}},"loc":{"start":{"line":8,"column":40},"end":{"line":19,"column":3}},"line":8},"1":{"name":"(anonymous_1)","decl":{"start":{"line":21,"column":2},"end":{"line":21,"column":3}},"loc":{"start":{"line":21,"column":37},"end":{"line":44,"column":3}},"line":21},"2":{"name":"(anonymous_2)","decl":{"start":{"line":46,"column":2},"end":{"line":46,"column":3}},"loc":{"start":{"line":46,"column":43},"end":{"line":73,"column":3}},"line":46}},"branchMap":{"0":{"loc":{"start":{"line":24,"column":6},"end":{"line":26,"column":7}},"type":"if","locations":[{"start":{"line":24,"column":6},"end":{"line":26,"column":7}},{"start":{},"end":{}}],"line":24},"1":{"loc":{"start":{"line":27,"column":6},"end":{"line":29,"column":7}},"type":"if","locations":[{"start":{"line":27,"column":6},"end":{"line":29,"column":7}},{"start":{},"end":{}}],"line":27},"2":{"loc":{"start":{"line":31,"column":6},"end":{"line":33,"column":7}},"type":"if","locations":[{"start":{"line":31,"column":6},"end":{"line":33,"column":7}},{"start":{},"end":{}}],"line":31},"3":{"loc":{"start":{"line":36,"column":6},"end":{"line":38,"column":7}},"type":"if","locations":[{"start":{"line":36,"column":6},"end":{"line":38,"column":7}},{"start":{},"end":{}}],"line":36},"4":{"loc":{"start":{"line":55,"column":6},"end":{"line":66,"column":7}},"type":"if","locations":[{"start":{"line":55,"column":6},"end":{"line":66,"column":7}},{"start":{},"end":{}}],"line":55}},"s":{"0":2,"1":2,"2":2,"3":2,"4":2,"5":2,"6":2,"7":1,"8":1,"9":2,"10":2,"11":2,"12":0,"13":2,"14":0,"15":2,"16":2,"17":1,"18":1,"19":1,"20":0,"21":1,"22":1,"23":1,"24":2,"25":2,"26":1,"27":1,"28":1,"29":1,"30":1,"31":1,"32":1,"33":2},"f":{"0":2,"1":2,"2":2},"b":{"0":[0,2],"1":[0,2],"2":[1,1],"3":[0,1],"4":[1,0]},"_coverageSchema":"1a1c01bbd47fc00a2c39e90264f33305004495a9","hash":"5792af199af2e5f1c0bc3db2737fddbdc8ede3fd"}
,"D:\\Hactiv8\\rmt-58\\Phase 02 (Repeat)\\Week 03\\I Project\\IP-RMT59\\server\\helpers\\bcrypt.js": {"path":"D:\\Hactiv8\\rmt-58\\Phase 02 (Repeat)\\Week 03\\I Project\\IP-RMT59\\server\\helpers\\bcrypt.js","statementMap":{"0":{"start":{"line":1,"column":15},"end":{"line":1,"column":32}},"1":{"start":{"line":2,"column":21},"end":{"line":6,"column":1}},"2":{"start":{"line":3,"column":15},"end":{"line":3,"column":37}},"3":{"start":{"line":4,"column":15},"end":{"line":4,"column":46}},"4":{"start":{"line":5,"column":2},"end":{"line":5,"column":14}},"5":{"start":{"line":8,"column":24},"end":{"line":10,"column":1}},"6":{"start":{"line":9,"column":2},"end":{"line":9,"column":54}},"7":{"start":{"line":12,"column":0},"end":{"line":15,"column":2}}},"fnMap":{"0":{"name":"(anonymous_0)","decl":{"start":{"line":2,"column":21},"end":{"line":2,"column":22}},"loc":{"start":{"line":2,"column":35},"end":{"line":6,"column":1}},"line":2},"1":{"name":"(anonymous_1)","decl":{"start":{"line":8,"column":24},"end":{"line":8,"column":25}},"loc":{"start":{"line":8,"column":54},"end":{"line":10,"column":1}},"line":8}},"branchMap":{},"s":{"0":2,"1":2,"2":0,"3":0,"4":0,"5":2,"6":0,"7":2},"f":{"0":0,"1":0},"b":{},"_coverageSchema":"1a1c01bbd47fc00a2c39e90264f33305004495a9","hash":"23dfe8e76398a9475847019e586c3c698947548e"}
,"D:\\Hactiv8\\rmt-58\\Phase 02 (Repeat)\\Week 03\\I Project\\IP-RMT59\\server\\helpers\\jwt.js": {"path":"D:\\Hactiv8\\rmt-58\\Phase 02 (Repeat)\\Week 03\\I Project\\IP-RMT59\\server\\helpers\\jwt.js","statementMap":{"0":{"start":{"line":1,"column":10},"end":{"line":1,"column":33}},"1":{"start":{"line":4,"column":2},"end":{"line":4,"column":52}},"2":{"start":{"line":8,"column":2},"end":{"line":8,"column":55}},"3":{"start":{"line":11,"column":0},"end":{"line":14,"column":2}}},"fnMap":{"0":{"name":"signToken","decl":{"start":{"line":3,"column":9},"end":{"line":3,"column":18}},"loc":{"start":{"line":3,"column":25},"end":{"line":5,"column":1}},"line":3},"1":{"name":"verifyToken","decl":{"start":{"line":7,"column":9},"end":{"line":7,"column":20}},"loc":{"start":{"line":7,"column":28},"end":{"line":9,"column":1}},"line":7}},"branchMap":{},"s":{"0":2,"1":0,"2":0,"3":2},"f":{"0":0,"1":0},"b":{},"_coverageSchema":"1a1c01bbd47fc00a2c39e90264f33305004495a9","hash":"dbcd78d1f18d7587b90f2334f9c1996c230c450b"}
,"D:\\Hactiv8\\rmt-58\\Phase 02 (Repeat)\\Week 03\\I Project\\IP-RMT59\\server\\middlewares\\authentication.js": {"path":"D:\\Hactiv8\\rmt-58\\Phase 02 (Repeat)\\Week 03\\I Project\\IP-RMT59\\server\\middlewares\\authentication.js","statementMap":{"0":{"start":{"line":1,"column":24},"end":{"line":1,"column":49}},"1":{"start":{"line":2,"column":17},"end":{"line":2,"column":37}},"2":{"start":{"line":5,"column":2},"end":{"line":25,"column":3}},"3":{"start":{"line":6,"column":24},"end":{"line":6,"column":49}},"4":{"start":{"line":8,"column":4},"end":{"line":10,"column":5}},"5":{"start":{"line":9,"column":6},"end":{"line":9,"column":63}},"6":{"start":{"line":12,"column":23},"end":{"line":12,"column":48}},"7":{"start":{"line":13,"column":17},"end":{"line":13,"column":40}},"8":{"start":{"line":16,"column":17},"end":{"line":16,"column":45}},"9":{"start":{"line":17,"column":4},"end":{"line":19,"column":5}},"10":{"start":{"line":18,"column":6},"end":{"line":18,"column":63}},"11":{"start":{"line":21,"column":4},"end":{"line":21,"column":20}},"12":{"start":{"line":22,"column":4},"end":{"line":22,"column":11}},"13":{"start":{"line":24,"column":4},"end":{"line":24,"column":14}},"14":{"start":{"line":28,"column":0},"end":{"line":28,"column":32}}},"fnMap":{"0":{"name":"authentication","decl":{"start":{"line":4,"column":15},"end":{"line":4,"column":29}},"loc":{"start":{"line":4,"column":46},"end":{"line":26,"column":1}},"line":4}},"branchMap":{"0":{"loc":{"start":{"line":8,"column":4},"end":{"line":10,"column":5}},"type":"if","locations":[{"start":{"line":8,"column":4},"end":{"line":10,"column":5}},{"start":{},"end":{}}],"line":8},"1":{"loc":{"start":{"line":17,"column":4},"end":{"line":19,"column":5}},"type":"if","locations":[{"start":{"line":17,"column":4},"end":{"line":19,"column":5}},{"start":{},"end":{}}],"line":17}},"s":{"0":1,"1":1,"2":0,"3":0,"4":0,"5":0,"6":0,"7":0,"8":0,"9":0,"10":0,"11":0,"12":0,"13":0,"14":1},"f":{"0":0},"b":{"0":[0,0],"1":[0,0]},"_coverageSchema":"1a1c01bbd47fc00a2c39e90264f33305004495a9","hash":"a4aa064983f5fcf8221fad893bac7871fd4990a1"}
,"D:\\Hactiv8\\rmt-58\\Phase 02 (Repeat)\\Week 03\\I Project\\IP-RMT59\\server\\middlewares\\authorization.js": {"path":"D:\\Hactiv8\\rmt-58\\Phase 02 (Repeat)\\Week 03\\I Project\\IP-RMT59\\server\\middlewares\\authorization.js","statementMap":{"0":{"start":{"line":2,"column":2},"end":{"line":9,"column":3}},"1":{"start":{"line":3,"column":4},"end":{"line":5,"column":5}},"2":{"start":{"line":4,"column":6},"end":{"line":4,"column":70}},"3":{"start":{"line":6,"column":4},"end":{"line":6,"column":11}},"4":{"start":{"line":8,"column":4},"end":{"line":8,"column":14}},"5":{"start":{"line":12,"column":0},"end":{"line":12,"column":29}}},"fnMap":{"0":{"name":"isAdmin","decl":{"start":{"line":1,"column":15},"end":{"line":1,"column":22}},"loc":{"start":{"line":1,"column":39},"end":{"line":10,"column":1}},"line":1}},"branchMap":{"0":{"loc":{"start":{"line":3,"column":4},"end":{"line":5,"column":5}},"type":"if","locations":[{"start":{"line":3,"column":4},"end":{"line":5,"column":5}},{"start":{},"end":{}}],"line":3}},"s":{"0":0,"1":0,"2":0,"3":0,"4":0,"5":2},"f":{"0":0},"b":{"0":[0,0]},"_coverageSchema":"1a1c01bbd47fc00a2c39e90264f33305004495a9","hash":"b08149e90f2c31cfe20c03ba3e0070701f897f73"}
,"D:\\Hactiv8\\rmt-58\\Phase 02 (Repeat)\\Week 03\\I Project\\IP-RMT59\\server\\middlewares\\errorHandler.js": {"path":"D:\\Hactiv8\\rmt-58\\Phase 02 (Repeat)\\Week 03\\I Project\\IP-RMT59\\server\\middlewares\\errorHandler.js","statementMap":{"0":{"start":{"line":2,"column":2},"end":{"line":2,"column":38}},"1":{"start":{"line":4,"column":2},"end":{"line":23,"column":3}},"2":{"start":{"line":5,"column":4},"end":{"line":5,"column":51}},"3":{"start":{"line":6,"column":9},"end":{"line":23,"column":3}},"4":{"start":{"line":7,"column":4},"end":{"line":7,"column":51}},"5":{"start":{"line":8,"column":9},"end":{"line":23,"column":3}},"6":{"start":{"line":12,"column":4},"end":{"line":12,"column":61}},"7":{"start":{"line":13,"column":9},"end":{"line":23,"column":3}},"8":{"start":{"line":14,"column":4},"end":{"line":14,"column":55}},"9":{"start":{"line":15,"column":9},"end":{"line":23,"column":3}},"10":{"start":{"line":16,"column":4},"end":{"line":16,"column":61}},"11":{"start":{"line":17,"column":9},"end":{"line":23,"column":3}},"12":{"start":{"line":18,"column":4},"end":{"line":18,"column":51}},"13":{"start":{"line":19,"column":9},"end":{"line":23,"column":3}},"14":{"start":{"line":20,"column":4},"end":{"line":20,"column":51}},"15":{"start":{"line":22,"column":4},"end":{"line":22,"column":63}},"16":{"start":{"line":26,"column":0},"end":{"line":26,"column":30}}},"fnMap":{"0":{"name":"errorHandler","decl":{"start":{"line":1,"column":9},"end":{"line":1,"column":21}},"loc":{"start":{"line":1,"column":43},"end":{"line":24,"column":1}},"line":1}},"branchMap":{"0":{"loc":{"start":{"line":4,"column":2},"end":{"line":23,"column":3}},"type":"if","locations":[{"start":{"line":4,"column":2},"end":{"line":23,"column":3}},{"start":{"line":6,"column":9},"end":{"line":23,"column":3}}],"line":4},"1":{"loc":{"start":{"line":6,"column":9},"end":{"line":23,"column":3}},"type":"if","locations":[{"start":{"line":6,"column":9},"end":{"line":23,"column":3}},{"start":{"line":8,"column":9},"end":{"line":23,"column":3}}],"line":6},"2":{"loc":{"start":{"line":8,"column":9},"end":{"line":23,"column":3}},"type":"if","locations":[{"start":{"line":8,"column":9},"end":{"line":23,"column":3}},{"start":{"line":13,"column":9},"end":{"line":23,"column":3}}],"line":8},"3":{"loc":{"start":{"line":9,"column":4},"end":{"line":10,"column":49}},"type":"binary-expr","locations":[{"start":{"line":9,"column":4},"end":{"line":9,"column":43}},{"start":{"line":10,"column":4},"end":{"line":10,"column":49}}],"line":9},"4":{"loc":{"start":{"line":13,"column":9},"end":{"line":23,"column":3}},"type":"if","locations":[{"start":{"line":13,"column":9},"end":{"line":23,"column":3}},{"start":{"line":15,"column":9},"end":{"line":23,"column":3}}],"line":13},"5":{"loc":{"start":{"line":15,"column":9},"end":{"line":23,"column":3}},"type":"if","locations":[{"start":{"line":15,"column":9},"end":{"line":23,"column":3}},{"start":{"line":17,"column":9},"end":{"line":23,"column":3}}],"line":15},"6":{"loc":{"start":{"line":17,"column":9},"end":{"line":23,"column":3}},"type":"if","locations":[{"start":{"line":17,"column":9},"end":{"line":23,"column":3}},{"start":{"line":19,"column":9},"end":{"line":23,"column":3}}],"line":17},"7":{"loc":{"start":{"line":19,"column":9},"end":{"line":23,"column":3}},"type":"if","locations":[{"start":{"line":19,"column":9},"end":{"line":23,"column":3}},{"start":{"line":21,"column":9},"end":{"line":23,"column":3}}],"line":19}},"s":{"0":11,"1":11,"2":5,"3":6,"4":1,"5":5,"6":0,"7":5,"8":0,"9":5,"10":0,"11":5,"12":1,"13":4,"14":0,"15":4,"16":2},"f":{"0":11},"b":{"0":[5,6],"1":[1,5],"2":[0,5],"3":[5,5],"4":[0,5],"5":[0,5],"6":[1,4],"7":[0,4]},"_coverageSchema":"1a1c01bbd47fc00a2c39e90264f33305004495a9","hash":"65e0bcd72e7d68990006a7869e748d35c22b0118"}
,"D:\\Hactiv8\\rmt-58\\Phase 02 (Repeat)\\Week 03\\I Project\\IP-RMT59\\server\\models\\book.js": {"path":"D:\\Hactiv8\\rmt-58\\Phase 02 (Repeat)\\Week 03\\I Project\\IP-RMT59\\server\\models\\book.js","statementMap":{"0":{"start":{"line":2,"column":18},"end":{"line":2,"column":38}},"1":{"start":{"line":3,"column":0},"end":{"line":69,"column":2}},"2":{"start":{"line":12,"column":6},"end":{"line":15,"column":9}},"3":{"start":{"line":18,"column":2},"end":{"line":67,"column":4}},"4":{"start":{"line":68,"column":2},"end":{"line":68,"column":14}}},"fnMap":{"0":{"name":"(anonymous_0)","decl":{"start":{"line":3,"column":17},"end":{"line":3,"column":18}},"loc":{"start":{"line":3,"column":43},"end":{"line":69,"column":1}},"line":3},"1":{"name":"(anonymous_1)","decl":{"start":{"line":10,"column":4},"end":{"line":10,"column":5}},"loc":{"start":{"line":10,"column":29},"end":{"line":16,"column":5}},"line":10}},"branchMap":{},"s":{"0":2,"1":2,"2":2,"3":2,"4":2},"f":{"0":2,"1":2},"b":{},"_coverageSchema":"1a1c01bbd47fc00a2c39e90264f33305004495a9","hash":"58aa3ca9fb9901c0d478fe411d40f12b696f26af"}
,"D:\\Hactiv8\\rmt-58\\Phase 02 (Repeat)\\Week 03\\I Project\\IP-RMT59\\server\\models\\index.js": {"path":"D:\\Hactiv8\\rmt-58\\Phase 02 (Repeat)\\Week 03\\I Project\\IP-RMT59\\server\\models\\index.js","statementMap":{"0":{"start":{"line":3,"column":11},"end":{"line":3,"column":24}},"1":{"start":{"line":4,"column":13},"end":{"line":4,"column":28}},"2":{"start":{"line":5,"column":18},"end":{"line":5,"column":38}},"3":{"start":{"line":6,"column":16},"end":{"line":6,"column":34}},"4":{"start":{"line":7,"column":17},"end":{"line":7,"column":42}},"5":{"start":{"line":8,"column":12},"end":{"line":8,"column":49}},"6":{"start":{"line":9,"column":15},"end":{"line":9,"column":65}},"7":{"start":{"line":10,"column":11},"end":{"line":10,"column":13}},"8":{"start":{"line":13,"column":0},"end":{"line":17,"column":1}},"9":{"start":{"line":14,"column":2},"end":{"line":14,"column":74}},"10":{"start":{"line":16,"column":2},"end":{"line":16,"column":87}},"11":{"start":{"line":19,"column":0},"end":{"line":32,"column":5}},"12":{"start":{"line":22,"column":4},"end":{"line":27,"column":6}},"13":{"start":{"line":30,"column":18},"end":{"line":30,"column":85}},"14":{"start":{"line":31,"column":4},"end":{"line":31,"column":27}},"15":{"start":{"line":34,"column":0},"end":{"line":38,"column":3}},"16":{"start":{"line":35,"column":2},"end":{"line":37,"column":3}},"17":{"start":{"line":36,"column":4},"end":{"line":36,"column":32}},"18":{"start":{"line":40,"column":0},"end":{"line":40,"column":25}},"19":{"start":{"line":41,"column":0},"end":{"line":41,"column":25}},"20":{"start":{"line":43,"column":0},"end":{"line":43,"column":20}}},"fnMap":{"0":{"name":"(anonymous_0)","decl":{"start":{"line":21,"column":10},"end":{"line":21,"column":11}},"loc":{"start":{"line":21,"column":18},"end":{"line":28,"column":3}},"line":21},"1":{"name":"(anonymous_1)","decl":{"start":{"line":29,"column":11},"end":{"line":29,"column":12}},"loc":{"start":{"line":29,"column":19},"end":{"line":32,"column":3}},"line":29},"2":{"name":"(anonymous_2)","decl":{"start":{"line":34,"column":24},"end":{"line":34,"column":25}},"loc":{"start":{"line":34,"column":37},"end":{"line":38,"column":1}},"line":34}},"branchMap":{"0":{"loc":{"start":{"line":8,"column":12},"end":{"line":8,"column":49}},"type":"binary-expr","locations":[{"start":{"line":8,"column":12},"end":{"line":8,"column":32}},{"start":{"line":8,"column":36},"end":{"line":8,"column":49}}],"line":8},"1":{"loc":{"start":{"line":13,"column":0},"end":{"line":17,"column":1}},"type":"if","locations":[{"start":{"line":13,"column":0},"end":{"line":17,"column":1}},{"start":{"line":15,"column":7},"end":{"line":17,"column":1}}],"line":13},"2":{"loc":{"start":{"line":23,"column":6},"end":{"line":26,"column":37}},"type":"binary-expr","locations":[{"start":{"line":23,"column":6},"end":{"line":23,"column":29}},{"start":{"line":24,"column":6},"end":{"line":24,"column":23}},{"start":{"line":25,"column":6},"end":{"line":25,"column":30}},{"start":{"line":26,"column":6},"end":{"line":26,"column":37}}],"line":23},"3":{"loc":{"start":{"line":35,"column":2},"end":{"line":37,"column":3}},"type":"if","locations":[{"start":{"line":35,"column":2},"end":{"line":37,"column":3}},{"start":{},"end":{}}],"line":35}},"s":{"0":2,"1":2,"2":2,"3":2,"4":2,"5":2,"6":2,"7":2,"8":2,"9":0,"10":2,"11":2,"12":8,"13":6,"14":6,"15":2,"16":6,"17":6,"18":2,"19":2,"20":2},"f":{"0":8,"1":6,"2":6},"b":{"0":[2,0],"1":[0,2],"2":[8,8,6,6],"3":[6,0]},"_coverageSchema":"1a1c01bbd47fc00a2c39e90264f33305004495a9","hash":"a7605f70d8637aa0c78b26aebba5f52672b21a46"}
,"D:\\Hactiv8\\rmt-58\\Phase 02 (Repeat)\\Week 03\\I Project\\IP-RMT59\\server\\models\\mybook.js": {"path":"D:\\Hactiv8\\rmt-58\\Phase 02 (Repeat)\\Week 03\\I Project\\IP-RMT59\\server\\models\\mybook.js","statementMap":{"0":{"start":{"line":2,"column":18},"end":{"line":2,"column":38}},"1":{"start":{"line":3,"column":0},"end":{"line":54,"column":2}},"2":{"start":{"line":12,"column":6},"end":{"line":12,"column":62}},"3":{"start":{"line":13,"column":6},"end":{"line":13,"column":62}},"4":{"start":{"line":16,"column":2},"end":{"line":52,"column":4}},"5":{"start":{"line":53,"column":2},"end":{"line":53,"column":16}}},"fnMap":{"0":{"name":"(anonymous_0)","decl":{"start":{"line":3,"column":17},"end":{"line":3,"column":18}},"loc":{"start":{"line":3,"column":43},"end":{"line":54,"column":1}},"line":3},"1":{"name":"(anonymous_1)","decl":{"start":{"line":10,"column":4},"end":{"line":10,"column":5}},"loc":{"start":{"line":10,"column":29},"end":{"line":14,"column":5}},"line":10}},"branchMap":{},"s":{"0":2,"1":2,"2":2,"3":2,"4":2,"5":2},"f":{"0":2,"1":2},"b":{},"_coverageSchema":"1a1c01bbd47fc00a2c39e90264f33305004495a9","hash":"ca56e6837f160035a246b4f875d4abd648e40fa0"}
,"D:\\Hactiv8\\rmt-58\\Phase 02 (Repeat)\\Week 03\\I Project\\IP-RMT59\\server\\models\\user.js": {"path":"D:\\Hactiv8\\rmt-58\\Phase 02 (Repeat)\\Week 03\\I Project\\IP-RMT59\\server\\models\\user.js","statementMap":{"0":{"start":{"line":2,"column":18},"end":{"line":2,"column":38}},"1":{"start":{"line":3,"column":15},"end":{"line":3,"column":32}},"2":{"start":{"line":4,"column":0},"end":{"line":83,"column":2}},"3":{"start":{"line":13,"column":6},"end":{"line":16,"column":9}},"4":{"start":{"line":19,"column":2},"end":{"line":81,"column":4}},"5":{"start":{"line":72,"column":21},"end":{"line":72,"column":43}},"6":{"start":{"line":73,"column":21},"end":{"line":73,"column":61}},"7":{"start":{"line":75,"column":10},"end":{"line":75,"column":35}},"8":{"start":{"line":82,"column":2},"end":{"line":82,"column":14}}},"fnMap":{"0":{"name":"(anonymous_0)","decl":{"start":{"line":4,"column":17},"end":{"line":4,"column":18}},"loc":{"start":{"line":4,"column":43},"end":{"line":83,"column":1}},"line":4},"1":{"name":"(anonymous_1)","decl":{"start":{"line":11,"column":4},"end":{"line":11,"column":5}},"loc":{"start":{"line":11,"column":29},"end":{"line":17,"column":5}},"line":11},"2":{"name":"(anonymous_2)","decl":{"start":{"line":71,"column":8},"end":{"line":71,"column":9}},"loc":{"start":{"line":71,"column":31},"end":{"line":76,"column":9}},"line":71}},"branchMap":{},"s":{"0":2,"1":2,"2":2,"3":2,"4":2,"5":0,"6":0,"7":0,"8":2},"f":{"0":2,"1":2,"2":0},"b":{},"_coverageSchema":"1a1c01bbd47fc00a2c39e90264f33305004495a9","hash":"4f9704802b07ce0dc3f8b846eb7de99f46c82c7d"}
}
