TN:
SF:app.js
FN:24,(anonymous_0)
FNF:1
FNH:0
FNDA:0,(anonymous_0)
DA:1,2
DA:2,2
DA:5,2
DA:6,2
DA:7,2
DA:8,2
DA:9,2
DA:10,2
DA:11,2
DA:12,2
DA:14,2
DA:15,2
DA:17,2
DA:18,2
DA:19,2
DA:21,2
DA:22,2
DA:24,2
DA:25,0
DA:28,2
DA:29,2
DA:30,2
DA:32,2
DA:33,2
DA:34,2
DA:35,2
DA:36,2
DA:37,2
DA:38,2
DA:39,2
DA:41,2
DA:48,2
DA:54,2
LF:33
LH:32
BRDA:1,0,0,2
BRDA:1,0,1,0
BRDA:15,1,0,2
BRDA:15,1,1,2
BRF:4
BRH:3
end_of_record
TN:
SF:controllers\controllers.js
FN:12,(anonymous_0)
FN:48,(anonymous_1)
FN:56,(anonymous_2)
FN:83,(anonymous_3)
FN:88,(anonymous_4)
FN:107,(anonymous_5)
FN:120,(anonymous_6)
FN:148,(anonymous_7)
FN:171,(anonymous_8)
FN:196,(anonymous_9)
FNF:10
FNH:7
FNDA:0,(anonymous_0)
FNDA:0,(anonymous_1)
FNDA:0,(anonymous_2)
FNDA:2,(anonymous_3)
FNDA:2,(anonymous_4)
FNDA:3,(anonymous_5)
FNDA:3,(anonymous_6)
FNDA:2,(anonymous_7)
FNDA:2,(anonymous_8)
FNDA:2,(anonymous_9)
DA:1,2
DA:2,2
DA:3,2
DA:5,2
DA:13,0
DA:14,0
DA:15,0
DA:16,0
DA:17,0
DA:19,0
DA:20,0
DA:22,0
DA:23,0
DA:24,0
DA:25,0
DA:27,0
DA:32,0
DA:39,0
DA:44,0
DA:49,0
DA:50,0
DA:55,0
DA:57,0
DA:64,0
DA:65,0
DA:67,0
DA:72,0
DA:73,0
DA:75,0
DA:77,0
DA:79,0
DA:84,2
DA:85,2
DA:86,2
DA:87,1
DA:89,2
DA:94,2
DA:101,1
DA:103,1
DA:108,3
DA:109,3
DA:110,3
DA:111,2
DA:112,1
DA:114,1
DA:116,2
DA:121,3
DA:122,3
DA:123,3
DA:124,3
DA:125,3
DA:126,1
DA:129,2
DA:134,2
DA:135,2
DA:136,1
DA:138,1
DA:142,1
DA:144,2
DA:149,2
DA:150,2
DA:152,2
DA:162,2
DA:163,1
DA:165,1
DA:167,1
DA:172,2
DA:173,2
DA:174,2
DA:176,2
DA:183,2
DA:184,1
DA:187,1
DA:188,1
DA:190,1
DA:192,1
DA:197,2
DA:198,2
DA:199,2
DA:201,2
DA:208,2
DA:209,1
DA:212,1
DA:214,1
DA:216,1
DA:221,2
LF:86
LH:59
BRDA:16,0,0,0
BRDA:16,0,1,0
BRDA:19,1,0,0
BRDA:19,1,1,0
BRDA:96,2,0,1
BRDA:96,2,1,1
BRDA:111,3,0,1
BRDA:111,3,1,1
BRDA:125,4,0,1
BRDA:125,4,1,2
BRDA:135,5,0,1
BRDA:135,5,1,1
BRDA:135,6,0,2
BRDA:135,6,1,1
BRDA:162,7,0,1
BRDA:162,7,1,1
BRDA:183,8,0,1
BRDA:183,8,1,1
BRDA:208,9,0,1
BRDA:208,9,1,1
BRF:20
BRH:16
end_of_record
TN:
SF:controllers\userControllers.js
FN:8,(anonymous_0)
FN:21,(anonymous_1)
FN:46,(anonymous_2)
FNF:3
FNH:3
FNDA:2,(anonymous_0)
FNDA:2,(anonymous_1)
FNDA:2,(anonymous_2)
DA:1,2
DA:2,2
DA:3,2
DA:4,2
DA:5,2
DA:9,2
DA:10,2
DA:11,1
DA:17,1
DA:22,2
DA:23,2
DA:24,2
DA:25,0
DA:27,2
DA:28,0
DA:30,2
DA:31,2
DA:32,1
DA:35,1
DA:36,1
DA:37,0
DA:39,1
DA:40,1
DA:42,1
DA:47,2
DA:48,2
DA:52,1
DA:54,1
DA:55,1
DA:56,1
DA:68,1
DA:69,1
DA:71,1
DA:76,2
LF:34
LH:31
BRDA:24,0,0,0
BRDA:24,0,1,2
BRDA:27,1,0,0
BRDA:27,1,1,2
BRDA:31,2,0,1
BRDA:31,2,1,1
BRDA:36,3,0,0
BRDA:36,3,1,1
BRDA:55,4,0,1
BRDA:55,4,1,0
BRF:10
BRH:6
end_of_record
TN:
SF:helpers\bcrypt.js
FN:2,(anonymous_0)
FN:8,(anonymous_1)
FNF:2
FNH:0
FNDA:0,(anonymous_0)
FNDA:0,(anonymous_1)
DA:1,2
DA:2,2
DA:3,0
DA:4,0
DA:5,0
DA:8,2
DA:9,0
DA:12,2
LF:8
LH:4
BRF:0
BRH:0
end_of_record
TN:
SF:helpers\jwt.js
FN:3,signToken
FN:7,verifyToken
FNF:2
FNH:0
FNDA:0,signToken
FNDA:0,verifyToken
DA:1,2
DA:4,0
DA:8,0
DA:11,2
LF:4
LH:2
BRF:0
BRH:0
end_of_record
TN:
SF:middlewares\authentication.js
FN:4,authentication
FNF:1
FNH:0
FNDA:0,authentication
DA:1,1
DA:2,1
DA:5,0
DA:6,0
DA:8,0
DA:9,0
DA:12,0
DA:13,0
DA:16,0
DA:17,0
DA:18,0
DA:21,0
DA:22,0
DA:24,0
DA:28,1
LF:15
LH:3
BRDA:8,0,0,0
BRDA:8,0,1,0
BRDA:17,1,0,0
BRDA:17,1,1,0
BRF:4
BRH:0
end_of_record
TN:
SF:middlewares\authorization.js
FN:1,isAdmin
FNF:1
FNH:0
FNDA:0,isAdmin
DA:2,0
DA:3,0
DA:4,0
DA:6,0
DA:8,0
DA:12,2
LF:6
LH:1
BRDA:3,0,0,0
BRDA:3,0,1,0
BRF:2
BRH:0
end_of_record
TN:
SF:middlewares\errorHandler.js
FN:1,errorHandler
FNF:1
FNH:1
FNDA:11,errorHandler
DA:2,11
DA:4,11
DA:5,5
DA:6,6
DA:7,1
DA:8,5
DA:12,0
DA:13,5
DA:14,0
DA:15,5
DA:16,0
DA:17,5
DA:18,1
DA:19,4
DA:20,0
DA:22,4
DA:26,2
LF:17
LH:13
BRDA:4,0,0,5
BRDA:4,0,1,6
BRDA:6,1,0,1
BRDA:6,1,1,5
BRDA:8,2,0,0
BRDA:8,2,1,5
BRDA:9,3,0,5
BRDA:9,3,1,5
BRDA:13,4,0,0
BRDA:13,4,1,5
BRDA:15,5,0,0
BRDA:15,5,1,5
BRDA:17,6,0,1
BRDA:17,6,1,4
BRDA:19,7,0,0
BRDA:19,7,1,4
BRF:16
BRH:12
end_of_record
TN:
SF:models\book.js
FN:3,(anonymous_0)
FN:10,(anonymous_1)
FNF:2
FNH:2
FNDA:2,(anonymous_0)
FNDA:2,(anonymous_1)
DA:2,2
DA:3,2
DA:12,2
DA:18,2
DA:68,2
LF:5
LH:5
BRF:0
BRH:0
end_of_record
TN:
SF:models\index.js
FN:21,(anonymous_0)
FN:29,(anonymous_1)
FN:34,(anonymous_2)
FNF:3
FNH:3
FNDA:8,(anonymous_0)
FNDA:6,(anonymous_1)
FNDA:6,(anonymous_2)
DA:3,2
DA:4,2
DA:5,2
DA:6,2
DA:7,2
DA:8,2
DA:9,2
DA:10,2
DA:13,2
DA:14,0
DA:16,2
DA:19,2
DA:22,8
DA:30,6
DA:31,6
DA:34,2
DA:35,6
DA:36,6
DA:40,2
DA:41,2
DA:43,2
LF:21
LH:20
BRDA:8,0,0,2
BRDA:8,0,1,0
BRDA:13,1,0,0
BRDA:13,1,1,2
BRDA:23,2,0,8
BRDA:23,2,1,8
BRDA:23,2,2,6
BRDA:23,2,3,6
BRDA:35,3,0,6
BRDA:35,3,1,0
BRF:10
BRH:7
end_of_record
TN:
SF:models\mybook.js
FN:3,(anonymous_0)
FN:10,(anonymous_1)
FNF:2
FNH:2
FNDA:2,(anonymous_0)
FNDA:2,(anonymous_1)
DA:2,2
DA:3,2
DA:12,2
DA:13,2
DA:16,2
DA:53,2
LF:6
LH:6
BRF:0
BRH:0
end_of_record
TN:
SF:models\user.js
FN:4,(anonymous_0)
FN:11,(anonymous_1)
FN:71,(anonymous_2)
FNF:3
FNH:2
FNDA:2,(anonymous_0)
FNDA:2,(anonymous_1)
FNDA:0,(anonymous_2)
DA:2,2
DA:3,2
DA:4,2
DA:13,2
DA:19,2
DA:72,0
DA:73,0
DA:75,0
DA:82,2
LF:9
LH:6
BRF:0
BRH:0
end_of_record
